<?xml version="1.0" encoding="utf-8"?><testsuites name="pytest tests"><testsuite name="pytest" errors="0" failures="0" skipped="0" tests="59" time="145.402" timestamp="2026-03-10T21:47:01.941215+00:00" hostname="austinworkpc"><testcase classname="tests.test_comprehensive.TestPluginSystem" name="test_plugin_manager_initialization" time="0.002" /><testcase classname="tests.test_comprehensive.TestPluginSystem" name="test_plugin_discovery" time="0.172" /><testcase classname="tests.test_comprehensive.TestPluginSystem" name="test_plugin_loading" time="0.105" /><testcase classname="tests.test_comprehensive.TestPluginSystem" name="test_plugin_tools_registered" time="0.102" /><testcase classname="tests.test_comprehensive.TestPluginSystem" name="test_plugin_metadata" time="0.131" /><testcase classname="tests.test_comprehensive.TestPluginSystem" name="test_plugin_unload" time="0.124" /><testcase classname="tests.test_comprehensive.TestPluginSystem" name="test_plugin_system_prompt_aggregation" time="0.127" /><testcase classname="tests.test_comprehensive.TestWeatherPlugin" name="test_weather_plugin_initialization" time="0.003" /><testcase classname="tests.test_comprehensive.TestWeatherPlugin" name="test_weather_tools_available" time="0.003" /><testcase classname="tests.test_comprehensive.TestWeatherPlugin" name="test_weather_time_tool" time="0.003" /><testcase classname="tests.test_comprehensive.TestWeatherPlugin" name="test_weather_current_tool" time="0.157" /><testcase classname="tests.test_comprehensive.TestWeatherPlugin" name="test_weather_set_location" time="0.205" /><testcase classname="tests.test_comprehensive.TestWeatherPlugin" name="test_weather_system_prompt" time="0.003" /><testcase classname="tests.test_comprehensive.TestLLMToolRouter" name="test_router_initialization" time="3.862" /><testcase classname="tests.test_comprehensive.TestLLMToolRouter" name="test_time_query_routing" time="24.898" /><testcase classname="tests.test_comprehensive.TestLLMToolRouter" name="test_spotify_play_routing" time="15.942" /><testcase classname="tests.test_comprehensive.TestLLMToolRouter" name="test_spotify_pause_routing" time="19.918" /><testcase classname="tests.test_comprehensive.TestLLMToolRouter" name="test_spotify_now_playing_routing" time="7.793" /><testcase classname="tests.test_comprehensive.TestLLMToolRouter" name="test_weather_query_routing" time="13.552" /><testcase classname="tests.test_comprehensive.TestLLMToolRouter" name="test_router_json_extraction" time="0.676" /><testcase classname="tests.test_comprehensive.TestLLMToolRouter" name="test_router_tool_execution" time="0.685" /><testcase classname="tests.test_comprehensive.TestAudioDucking" name="test_ducker_initialization" time="0.010" /><testcase classname="tests.test_comprehensive.TestAudioDucking" name="test_ducker_pulseaudio_check" time="0.010" /><testcase classname="tests.test_comprehensive.TestAudioDucking" name="test_ducker_context_manager" time="0.045" /><testcase classname="tests.test_comprehensive.TestAudioDucking" name="test_tts_ducking_enabled" time="0.001" /><testcase classname="tests.test_comprehensive.TestAudioDucking" name="test_tts_ducking_configuration" time="0.011" /><testcase classname="tests.test_comprehensive.TestSpeechRecognition" name="test_stt_initialization" time="0.352" /><testcase classname="tests.test_comprehensive.TestSpeechRecognition" name="test_stt_command_corrections" time="0.387" /><testcase classname="tests.test_comprehensive.TestSpeechRecognition" name="test_stt_post_processing" time="0.385" /><testcase classname="tests.test_comprehensive.TestSpeechRecognition" name="test_stt_model_loading" time="0.737" /><testcase classname="tests.test_comprehensive.TestTextToSpeech" name="test_tts_initialization" time="0.001" /><testcase classname="tests.test_comprehensive.TestTextToSpeech" name="test_tts_voice_list" time="0.001" /><testcase classname="tests.test_comprehensive.TestTextToSpeech" name="test_tts_speech_generation" time="0.276" /><testcase classname="tests.test_comprehensive.TestTextToSpeech" name="test_tts_voice_settings" time="0.003" /><testcase classname="tests.test_comprehensive.TestTextToSpeech" name="test_tts_ducking_toggle" time="0.011" /><testcase classname="tests.test_comprehensive.TestVoiceAssistant" name="test_voice_assistant_initialization" time="0.569" /><testcase classname="tests.test_comprehensive.TestVoiceAssistant" name="test_voice_assistant_stt_model" time="0.605" /><testcase classname="tests.test_comprehensive.TestVoiceAssistant" name="test_voice_assistant_tts_voice" time="0.901" /><testcase classname="tests.test_comprehensive.TestVoiceAssistant" name="test_voice_assistant_formatter" time="0.605" /><testcase classname="tests.test_comprehensive.TestIntegration" name="test_full_time_query_workflow" time="7.094" /><testcase classname="tests.test_comprehensive.TestIntegration" name="test_full_weather_query_workflow" time="7.342" /><testcase classname="tests.test_comprehensive.TestIntegration" name="test_plugin_tool_execution_workflow" time="7.461" /><testcase classname="tests.test_comprehensive.TestIntegration" name="test_conversation_memory" time="8.107" /><testcase classname="tests.test_comprehensive.TestIntegration" name="test_compound_command_parsing" time="0.644" /><testcase classname="tests.test_comprehensive.TestEndToEnd" name="test_e2e_voice_mode_activation" time="1.599" /><testcase classname="tests.test_comprehensive.TestEndToEnd" name="test_e2e_plugin_listing" time="0.604" /><testcase classname="tests.test_comprehensive.TestEndToEnd" name="test_e2e_help_command" time="0.582" /><testcase classname="tests.test_comprehensive.TestEndToEnd" name="test_e2e_context_clear" time="0.637" /><testcase classname="tests.test_comprehensive.TestPerformance" name="test_plugin_load_time" time="0.002" /><testcase classname="tests.test_comprehensive.TestPerformance" name="test_llm_routing_time" time="7.451" /><testcase classname="tests.test_comprehensive.TestPerformance" name="test_tts_generation_time" time="0.365" /><testcase classname="tests.test_comprehensive.TestErrorHandling" name="test_plugin_not_found_error" time="0.141" /><testcase classname="tests.test_comprehensive.TestErrorHandling" name="test_invalid_tool_name" time="0.595" /><testcase classname="tests.test_comprehensive.TestErrorHandling" name="test_empty_command" time="6.827" /><testcase classname="tests.test_comprehensive.TestErrorHandling" name="test_malformed_json_routing" time="0.839" /><testcase classname="tests.test_comprehensive.TestErrorHandling" name="test_tts_fallback" time="0.226" /><testcase classname="tests.test_comprehensive.TestSecurity" name="test_safety_validator_dangerous_commands" time="0.004" /><testcase classname="tests.test_comprehensive.TestSecurity" name="test_safety_validator_safe_commands" time="0.009" /><testcase classname="tests.test_comprehensive.TestSecurity" name="test_plugin_isolation" time="0.140" /></testsuite></testsuites>